<?xml version="1.0" encoding="UTF-8"?>
<testsuite xmlns:xsi="http://www.w3.org/2001/XMLSchema-instance" xsi:noNamespaceSchemaLocation="https://maven.apache.org/surefire/maven-surefire-plugin/xsd/surefire-test-report.xsd" name="ca.lichangzhang.guessnumber.service.ServiceLayerImplTest" time="3.554" tests="6" errors="0" skipped="0" failures="0">
  <properties>
[...]
</properties>
  <testcase name="calculateResult2" classname="ca.lichangzhang.guessnumber.service.ServiceLayerImplTest" time="0.359"/>
  <testcase name="calculateResult3" classname="ca.lichangzhang.guessnumber.service.ServiceLayerImplTest" time="0"/>
  <testcase name="calculateResult4" classname="ca.lichangzhang.guessnumber.service.ServiceLayerImplTest" time="0"/>
  <testcase name="calculateResult5" classname="ca.lichangzhang.guessnumber.service.ServiceLayerImplTest" time="0"/>
  <testcase name="calculateResult6" classname="ca.lichangzhang.guessnumber.service.ServiceLayerImplTest" time="0"/>
  <testcase name="testCalculateResult" classname="ca.lichangzhang.guessnumber.service.ServiceLayerImplTest" time="0"/>
</testsuite>